#
# A fatal error has been detected by the Java Runtime Environment:
#
#  Internal Error (safepoint.cpp:712), pid=67380, tid=0x0000000000007233
#  fatal error: Illegal threadstate encountered: 4
#
# JRE version: Java(TM) SE Runtime Environment (8.0_212-b10) (build 1.8.0_212-b10)
# Java VM: Java HotSpot(TM) 64-Bit Server VM (25.212-b10 mixed mode bsd-amd64 compressed oops)
# Failed to write core dump. Core dumps have been disabled. To enable core dumping, try "ulimit -c unlimited" before starting Java again
#
# If you would like to submit a bug report, please visit:
#   http://bugreport.java.com/bugreport/crash.jsp
# The crash happened outside the Java Virtual Machine in native code.
# See problematic frame for where to report the bug.
#

---------------  T H R E A D  ---------------

Current thread (0x00007f89f18f0800):  JavaThread "Thread-1" daemon [_thread_in_native, id=29235, stack(0x000000030753b000,0x000000030763b000)]

Stack: [0x000000030753b000,0x000000030763b000],  sp=0x0000000307639c80,  free space=1019k
Native frames: (J=compiled Java code, j=interpreted, Vv=VM code, C=native code)
V  [libjvm.dylib+0x5b6994]
V  [libjvm.dylib+0x1e9bdd]
V  [libjvm.dylib+0x4e66a8]
V  [libjvm.dylib+0x56fa72]
V  [libjvm.dylib+0x16ab3e]
V  [libjvm.dylib+0x317599]
C  [libglass.dylib+0x51e1]  -[GlassRunnable dealloc]+0x31
C  [libobjc.A.dylib+0x25fb8]  _ZN11objc_object17sidetable_releaseEbb+0xee
C  [Foundation+0x8188e]  -[_NSThreadPerformInfo dealloc]+0x2a
C  [libobjc.A.dylib+0x25fb8]  _ZN11objc_object17sidetable_releaseEbb+0xee
C  [Foundation+0x4e406]  -[NSObject(NSThreadPerformAdditions) performSelectorOnMainThread:withObject:waitUntilDone:]+0x7c
j  com.sun.glass.ui.mac.MacApplication._submitForLaterInvocation(Ljava/lang/Runnable;)V+0
j  com.sun.glass.ui.mac.MacApplication.submitForLaterInvocation(Ljava/lang/Runnable;)V+2
j  com.sun.glass.ui.InvokeLaterDispatcher.run()V+82
v  ~StubRoutines::call_stub
V  [libjvm.dylib+0x2f0d1e]
V  [libjvm.dylib+0x2f14c2]
V  [libjvm.dylib+0x2f166e]
V  [libjvm.dylib+0x34bf5d]
V  [libjvm.dylib+0x570b93]
V  [libjvm.dylib+0x57228e]
V  [libjvm.dylib+0x48f30a]
C  [libsystem_pthread.dylib+0x64e1]  _pthread_start+0x7d
C  [libsystem_pthread.dylib+0x1f6b]  thread_start+0xf
C  0x0000000000000000

Java frames: (J=compiled Java code, j=interpreted, Vv=VM code)
j  com.sun.glass.ui.mac.MacApplication._submitForLaterInvocation(Ljava/lang/Runnable;)V+0
j  com.sun.glass.ui.mac.MacApplication.submitForLaterInvocation(Ljava/lang/Runnable;)V+2
j  com.sun.glass.ui.InvokeLaterDispatcher.run()V+82
v  ~StubRoutines::call_stub

---------------  P R O C E S S  ---------------

Java Threads: ( => current thread )
  0x00007f8991009000 JavaThread "PulseTimer-CVDisplayLink thread" daemon [_thread_in_native, id=57163, stack(0x00000003076c7000,0x0000000307747000)]
  0x00007f89f297e000 JavaThread "Prism Font Disposer" daemon [_thread_blocked, id=73963, stack(0x0000000307a5c000,0x0000000307b5c000)]
  0x00007f89e1845800 JavaThread "Attach Listener" daemon [_thread_blocked, id=56407, stack(0x0000000307959000,0x0000000307a59000)]
  0x00007f89f30c9800 JavaThread "JavaFX-Launcher" [_thread_blocked, id=53343, stack(0x0000000307856000,0x0000000307956000)]
  0x00007f89f30bf000 JavaThread "JavaFX Application Thread" [_thread_in_native, id=259, stack(0x00000003054dd000,0x0000000305cdd000)]
=>0x00007f89f18f0800 JavaThread "Thread-1" daemon [_thread_in_native, id=29235, stack(0x000000030753b000,0x000000030763b000)]
  0x00007f89f286b000 JavaThread "QuantumRenderer-0" daemon [_thread_blocked, id=40067, stack(0x00000003073af000,0x00000003074af000)]
  0x00007f89f109b800 JavaThread "Service Thread" daemon [_thread_blocked, id=23051, stack(0x00000003071a9000,0x00000003072a9000)]
  0x00007f89f1092800 JavaThread "C1 CompilerThread3" daemon [_thread_in_vm, id=41475, stack(0x00000003070a6000,0x00000003071a6000)]
  0x00007f89f2843000 JavaThread "C2 CompilerThread2" daemon [_thread_blocked, id=41731, stack(0x0000000306fa3000,0x00000003070a3000)]
  0x00007f89f183a000 JavaThread "C2 CompilerThread1" daemon [_thread_blocked, id=42499, stack(0x0000000306ea0000,0x0000000306fa0000)]
  0x00007f89f1072000 JavaThread "C2 CompilerThread0" daemon [_thread_blocked, id=43011, stack(0x0000000306d9d000,0x0000000306e9d000)]
  0x00007f89f104a800 JavaThread "Monitor Ctrl-Break" daemon [_thread_in_native, id=43335, stack(0x0000000306c9a000,0x0000000306d9a000)]
  0x00007f89c1008800 JavaThread "Signal Dispatcher" daemon [_thread_blocked, id=15107, stack(0x0000000306b97000,0x0000000306c97000)]
  0x00007f89f302e000 JavaThread "Finalizer" daemon [_thread_blocked, id=13347, stack(0x0000000306985000,0x0000000306a85000)]
  0x00007f89e100c800 JavaThread "Reference Handler" daemon [_thread_blocked, id=12579, stack(0x0000000306882000,0x0000000306982000)]
  0x00007f89f1809800 JavaThread "main" [_thread_blocked, id=6403, stack(0x0000000305d61000,0x0000000305e61000)]

Other Threads:
  0x00007f89f103c000 VMThread [stack: 0x000000030677f000,0x000000030687f000] [id=17667]
  0x00007f89f302f800 WatcherThread [stack: 0x00000003072ac000,0x00000003073ac000] [id=23811]

VM state:not at safepoint (normal execution)

VM Mutex/Monitor currently owned by a thread: None

heap address: 0x00000005c0000000, size: 8192 MB, Compressed Oops mode: Zero based, Oop shift amount: 3
Narrow klass base: 0x0000000000000000, Narrow klass shift: 3
Compressed class space size: 1073741824 Address: 0x00000007c0000000

Heap:
 PSYoungGen      total 153088K, used 63164K [0x0000000715580000, 0x0000000720000000, 0x00000007c0000000)
  eden space 131584K, 48% used [0x0000000715580000,0x000000071932f358,0x000000071d600000)
  from space 21504K, 0% used [0x000000071eb00000,0x000000071eb00000,0x0000000720000000)
  to   space 21504K, 0% used [0x000000071d600000,0x000000071d600000,0x000000071eb00000)
 ParOldGen       total 349696K, used 0K [0x00000005c0000000, 0x00000005d5580000, 0x0000000715580000)
  object space 349696K, 0% used [0x00000005c0000000,0x00000005c0000000,0x00000005d5580000)
 Metaspace       used 12939K, capacity 13512K, committed 13696K, reserved 1060864K
  class space    used 1718K, capacity 1912K, committed 1920K, reserved 1048576K

Card table byte_map: [0x000000011b0ec000,0x000000011c0ed000] byte_map_base: 0x00000001182ec000

Marking Bits: (ParMarkBitMap*) 0x000000010ab30e40
 Begin Bits: [0x000000011cb98000, 0x0000000124b98000)
 End Bits:   [0x0000000124b98000, 0x000000012cb98000)

Polling page: 0x00000001092bc000

CodeCache: size=245760Kb used=4724Kb max_used=4724Kb free=241035Kb
 bounds [0x000000010c0ec000, 0x000000010c58c000, 0x000000011b0ec000]
 total_blobs=2107 nmethods=1508 adapters=513
 compilation: enabled

Compilation events (10 events):
Event: 9.105 Thread 0x00007f89f1092800 1504       3       java.util.concurrent.locks.AbstractQueuedSynchronizer::release (33 bytes)
Event: 9.106 Thread 0x00007f89f1092800 nmethod 1504 0x000000010c586410 code [0x000000010c5865a0, 0x000000010c5868b8]
Event: 9.133 Thread 0x00007f89f1092800 1505       3       java.util.WeakHashMap::entrySet (28 bytes)
Event: 9.140 Thread 0x00007f89f1092800 nmethod 1505 0x000000010c585c50 code [0x000000010c585de0, 0x000000010c5861f0]
Event: 9.140 Thread 0x00007f89f1092800 1506       3       java.util.WeakHashMap$EntrySet::iterator (13 bytes)
Event: 9.141 Thread 0x00007f89f1092800 nmethod 1506 0x000000010c585690 code [0x000000010c585820, 0x000000010c585b08]
Event: 9.141 Thread 0x00007f89f1092800 1507       3       java.util.WeakHashMap$EntryIterator::<init> (6 bytes)
Event: 9.141 Thread 0x00007f89f1092800 nmethod 1507 0x000000010c58a5d0 code [0x000000010c58a740, 0x000000010c58a948]
Event: 9.141 Thread 0x00007f89f1092800 1508       3       java.util.WeakHashMap$EntryIterator::<init> (11 bytes)
Event: 9.141 Thread 0x00007f89f1092800 nmethod 1508 0x000000010c58aa10 code [0x000000010c58ab80, 0x000000010c58ad28]

GC Heap History (0 events):
No events

Deoptimization events (10 events):
Event: 0.716 Thread 0x00007f89f30bf000 Uncommon trap: reason=unstable_if action=reinterpret pc=0x000000010c2af3d8 method=java.lang.String.replace(CC)Ljava/lang/String; @ 2
Event: 0.970 Thread 0x00007f89f30bf000 Uncommon trap: reason=unstable_if action=reinterpret pc=0x000000010c338bc8 method=java.lang.String.replace(CC)Ljava/lang/String; @ 26
Event: 0.977 Thread 0x00007f89f30bf000 Uncommon trap: reason=unstable_if action=reinterpret pc=0x000000010c2ccb7c method=java.lang.String.indexOf([CII[CIII)I @ 134
Event: 1.117 Thread 0x00007f89f30bf000 Uncommon trap: reason=unstable_if action=reinterpret pc=0x000000010c335b60 method=java.lang.CharacterData.of(I)Ljava/lang/CharacterData; @ 4
Event: 1.321 Thread 0x00007f89f30bf000 Uncommon trap: reason=class_check action=maybe_recompile pc=0x000000010c39563c method=java.util.Collections$UnmodifiableList.get(I)Ljava/lang/Object; @ 5
Event: 1.323 Thread 0x00007f89f30bf000 Uncommon trap: reason=class_check action=maybe_recompile pc=0x000000010c39563c method=java.util.Collections$UnmodifiableList.get(I)Ljava/lang/Object; @ 5
Event: 1.327 Thread 0x00007f89f30bf000 Uncommon trap: reason=class_check action=maybe_recompile pc=0x000000010c39563c method=java.util.Collections$UnmodifiableList.get(I)Ljava/lang/Object; @ 5
Event: 1.328 Thread 0x00007f89f30bf000 Uncommon trap: reason=class_check action=maybe_recompile pc=0x000000010c39563c method=java.util.Collections$UnmodifiableList.get(I)Ljava/lang/Object; @ 5
Event: 1.598 Thread 0x00007f89f286b000 Uncommon trap: reason=unstable_if action=reinterpret pc=0x000000010c3b2c38 method=sun.net.www.ParseUtil.encodePath(Ljava/lang/String;Z)Ljava/lang/String; @ 109
Event: 6.493 Thread 0x00007f89f30bf000 Uncommon trap: reason=unstable_if action=reinterpret pc=0x000000010c4d5264 method=jdk.internal.org.objectweb.asm.Type.getArgumentsAndReturnSizes(Ljava/lang/String;)I @ 47

Classes redefined (0 events):
No events

Internal exceptions (10 events):
Event: 0.040 Thread 0x00007f89f1809800 Exception <a 'java/lang/NoSuchMethodError': Method sun.misc.Unsafe.prefetchRead(Ljava/lang/Object;J)V name or signature does not match> (0x0000000715587f98) thrown at [/Users/java_re/workspace/8-2-build-macosx-x86_64/jdk8u212/12974/hotspot/src/share/vm/pr
Event: 0.211 Thread 0x00007f89f1809800 Exception <a 'java/lang/NoSuchFieldError': method resolution failed> (0x00000007157fb918) thrown at [/Users/java_re/workspace/8-2-build-macosx-x86_64/jdk8u212/12974/hotspot/src/share/vm/prims/methodHandles.cpp, line 1167]
Event: 0.219 Thread 0x00007f89f1809800 Exception <a 'java/lang/NoSuchFieldError': method resolution failed> (0x0000000715809538) thrown at [/Users/java_re/workspace/8-2-build-macosx-x86_64/jdk8u212/12974/hotspot/src/share/vm/prims/methodHandles.cpp, line 1167]
Event: 0.267 Thread 0x00007f89f1809800 Exception <a 'java/security/PrivilegedActionException'> (0x0000000715ddc338) thrown at [/Users/java_re/workspace/8-2-build-macosx-x86_64/jdk8u212/12974/hotspot/src/share/vm/prims/jvm.cpp, line 1502]
Event: 0.267 Thread 0x00007f89f1809800 Exception <a 'java/security/PrivilegedActionException'> (0x0000000715ddc548) thrown at [/Users/java_re/workspace/8-2-build-macosx-x86_64/jdk8u212/12974/hotspot/src/share/vm/prims/jvm.cpp, line 1502]
Event: 0.267 Thread 0x00007f89f1809800 Exception <a 'java/security/PrivilegedActionException'> (0x0000000715ddf878) thrown at [/Users/java_re/workspace/8-2-build-macosx-x86_64/jdk8u212/12974/hotspot/src/share/vm/prims/jvm.cpp, line 1502]
Event: 0.267 Thread 0x00007f89f1809800 Exception <a 'java/security/PrivilegedActionException'> (0x0000000715ddfa88) thrown at [/Users/java_re/workspace/8-2-build-macosx-x86_64/jdk8u212/12974/hotspot/src/share/vm/prims/jvm.cpp, line 1502]
Event: 0.268 Thread 0x00007f89f1809800 Exception <a 'java/lang/NullPointerException'> (0x0000000715de0490) thrown at [/Users/java_re/workspace/8-2-build-macosx-x86_64/jdk8u212/12974/hotspot/src/share/vm/interpreter/linkResolver.cpp, line 1185]
Event: 0.903 Thread 0x00007f89f30bf000 Exception <a 'java/lang/NullPointerException'> (0x0000000716fde330) thrown at [/Users/java_re/workspace/8-2-build-macosx-x86_64/jdk8u212/12974/hotspot/src/share/vm/interpreter/linkResolver.cpp, line 1185]
Event: 0.903 Thread 0x00007f89f30bf000 Exception <a 'java/lang/NullPointerException'> (0x0000000716fde330) thrown at [/Users/java_re/workspace/8-2-build-macosx-x86_64/jdk8u212/12974/hotspot/src/share/vm/prims/jvm.cpp, line 1506]

Events (10 events):
Event: 7.136 loading class java/util/stream/Sink$ChainedReference
Event: 7.136 loading class java/util/stream/Sink$ChainedReference done
Event: 7.136 loading class java/util/stream/ReferencePipeline$5$1 done
Event: 7.157 Thread 0x00007f89f29cd000 Thread added: 0x00007f89f29cd000
Event: 7.282 loading class com/sun/javafx/sg/prism/NGNode$RenderRootResult
Event: 7.282 loading class com/sun/javafx/sg/prism/NGNode$RenderRootResult done
Event: 7.924 Thread 0x00007f89f29cd000 Thread exited: 0x00007f89f29cd000
Event: 8.210 Thread 0x00007f89f1a4a800 Thread added: 0x00007f89f1a4a800
Event: 8.726 Thread 0x00007f89f1a4a800 Thread exited: 0x00007f89f1a4a800
Event: 8.865 Thread 0x00007f8991009000 Thread added: 0x00007f8991009000


Dynamic libraries:
0x00007ff819e1c000 	/System/Library/Frameworks/Cocoa.framework/Versions/A/Cocoa
0x00007ff8054f7000 	/System/Library/Frameworks/AppKit.framework/Versions/C/AppKit
0x00007ff808a6c000 	/System/Library/Frameworks/CoreData.framework/Versions/A/CoreData
0x00007ff8038fa000 	/System/Library/Frameworks/Foundation.framework/Versions/C/Foundation
0x00007ff80dcef000 	/usr/lib/libSystem.B.dylib
0x00007ff806387000 	/System/Library/PrivateFrameworks/UIFoundation.framework/Versions/A/UIFoundation
0x00007ff813d1e000 	/System/Library/PrivateFrameworks/RemoteViewServices.framework/Versions/A/RemoteViewServices
0x00007ff80bfbb000 	/System/Library/PrivateFrameworks/XCTTargetBootstrap.framework/Versions/A/XCTTargetBootstrap
0x00007ff80fbb4000 	/System/Library/PrivateFrameworks/InternationalSupport.framework/Versions/A/InternationalSupport
0x00007ff80fc3e000 	/System/Library/PrivateFrameworks/UserActivity.framework/Versions/A/UserActivity
0x00007ff80ef98000 	/usr/lib/libspindump.dylib
0x00007ff806616000 	/System/Library/Frameworks/UniformTypeIdentifiers.framework/Versions/A/UniformTypeIdentifiers
0x00007ff80a6df000 	/usr/lib/libapp_launch_measurement.dylib
0x00007ff80944f000 	/System/Library/PrivateFrameworks/CoreAnalytics.framework/Versions/A/CoreAnalytics
0x00007ff80a6e2000 	/System/Library/PrivateFrameworks/CoreAutoLayout.framework/Versions/A/CoreAutoLayout
0x00007ff80b912000 	/System/Library/Frameworks/Metal.framework/Versions/A/Metal
0x00007ff80c641000 	/usr/lib/liblangid.dylib
0x00007ff80bfc0000 	/System/Library/PrivateFrameworks/CoreSVG.framework/Versions/A/CoreSVG
0x00007ff807a02000 	/System/Library/PrivateFrameworks/SkyLight.framework/Versions/A/SkyLight
0x00007ff807da1000 	/System/Library/Frameworks/CoreGraphics.framework/Versions/A/CoreGraphics
0x00007ff8143de000 	/System/Library/Frameworks/Accelerate.framework/Versions/A/Accelerate
0x00007ff80ea17000 	/System/Library/PrivateFrameworks/IconServices.framework/Versions/A/IconServices
0x00007ff80b8f7000 	/System/Library/Frameworks/IOSurface.framework/Versions/A/IOSurface
0x00007ff80947d000 	/usr/lib/libDiagnosticMessagesClient.dylib
0x00007ff80dc09000 	/usr/lib/libz.1.dylib
0x00007ff817ac0000 	/System/Library/Frameworks/ApplicationServices.framework/Versions/A/ApplicationServices
0x00007ff80bfa7000 	/System/Library/PrivateFrameworks/DFRFoundation.framework/Versions/A/DFRFoundation
0x00007ff804ddf000 	/usr/lib/libicucore.A.dylib
0x00007ff8109aa000 	/System/Library/Frameworks/AudioToolbox.framework/Versions/A/AudioToolbox
0x00007ff80fbc0000 	/System/Library/PrivateFrameworks/DataDetectorsCore.framework/Versions/A/DataDetectorsCore
0x00007ff90be21000 	/System/Library/PrivateFrameworks/TextInput.framework/Versions/A/TextInput
0x00007ff807985000 	/usr/lib/libMobileGestalt.dylib
0x00007ff80bcb3000 	/System/Library/Frameworks/Carbon.framework/Versions/A/Frameworks/HIToolbox.framework/Versions/A/HIToolbox
0x00007ff80a0e2000 	/System/Library/Frameworks/QuartzCore.framework/Versions/A/QuartzCore
0x00007ff804a84000 	/System/Library/Frameworks/Security.framework/Versions/A/Security
0x00007ff813d56000 	/System/Library/Frameworks/Carbon.framework/Versions/A/Frameworks/SpeechRecognition.framework/Versions/A/SpeechRecognition
0x00007ff80a43f000 	/System/Library/PrivateFrameworks/CoreUI.framework/Versions/A/CoreUI
0x00007ff80434e000 	/System/Library/Frameworks/CoreAudio.framework/Versions/A/CoreAudio
0x00007ff80956c000 	/System/Library/Frameworks/DiskArbitration.framework/Versions/A/DiskArbitration
0x00007ff80f384000 	/System/Library/PrivateFrameworks/MultitouchSupport.framework/Versions/A/MultitouchSupport
0x00007ff807984000 	/usr/lib/libenergytrace.dylib
0x00007ff8053e3000 	/System/Library/Frameworks/IOKit.framework/Versions/A/IOKit
0x00007ff814146000 	/System/Library/Frameworks/CoreServices.framework/Versions/A/CoreServices
0x00007ff80a679000 	/System/Library/PrivateFrameworks/PerformanceAnalysis.framework/Versions/A/PerformanceAnalysis
0x00007ffa1b8fd000 	/System/Library/Frameworks/OpenGL.framework/Versions/A/OpenGL
0x00007ff80d225000 	/System/Library/PrivateFrameworks/MobileKeyBag.framework/Versions/A/MobileKeyBag
0x00007ff80298e000 	/usr/lib/libobjc.A.dylib
0x00007ff8084cb000 	/System/Library/Frameworks/ColorSync.framework/Versions/A/ColorSync
0x00007ff802b48000 	/System/Library/Frameworks/CoreFoundation.framework/Versions/A/CoreFoundation
0x00007ff80c237000 	/System/Library/Frameworks/CoreImage.framework/Versions/A/CoreImage
0x00007ff804162000 	/System/Library/Frameworks/CoreText.framework/Versions/A/CoreText
0x00007ff80bff0000 	/System/Library/Frameworks/ImageIO.framework/Versions/A/ImageIO
0x00007ff80dcf5000 	/System/Library/PrivateFrameworks/SoftLinking.framework/Versions/A/SoftLinking
0x00007ff80a72a000 	/usr/lib/libxml2.2.dylib
0x00007ff802a54000 	/usr/lib/libc++.1.dylib
0x00007ff80df76000 	/usr/lib/libcompression.dylib
0x00007ff80fae7000 	/System/Library/PrivateFrameworks/TextureIO.framework/Versions/A/TextureIO
0x00007ff80e690000 	/usr/lib/libate.dylib
0x00007ff80dcea000 	/usr/lib/system/libcache.dylib
0x00007ff80dca6000 	/usr/lib/system/libcommonCrypto.dylib
0x00007ff80dccf000 	/usr/lib/system/libcompiler_rt.dylib
0x00007ff80dcc5000 	/usr/lib/system/libcopyfile.dylib
0x00007ff802889000 	/usr/lib/system/libcorecrypto.dylib
0x00007ff802947000 	/usr/lib/system/libdispatch.dylib
0x00007ff802b07000 	/usr/lib/system/libdyld.dylib
0x00007ff80dce1000 	/usr/lib/system/libkeymgr.dylib
0x00007ff80dc84000 	/usr/lib/system/libmacho.dylib
0x00007ff80d2ff000 	/usr/lib/system/libquarantine.dylib
0x00007ff80dcdf000 	/usr/lib/system/libremovefile.dylib
0x00007ff8079d2000 	/usr/lib/system/libsystem_asl.dylib
0x00007ff802832000 	/usr/lib/system/libsystem_blocks.dylib
0x00007ff8029cb000 	/usr/lib/system/libsystem_c.dylib
0x00007ff80dcd7000 	/usr/lib/system/libsystem_collections.dylib
0x00007ff80c631000 	/usr/lib/system/libsystem_configuration.dylib
0x00007ff80b8da000 	/usr/lib/system/libsystem_containermanager.dylib
0x00007ff80d9b6000 	/usr/lib/system/libsystem_coreservices.dylib
0x00007ff805073000 	/usr/lib/system/libsystem_darwin.dylib
0x00007ff80dce2000 	/usr/lib/system/libsystem_dnssd.dylib
0x00007ff8029c8000 	/usr/lib/system/libsystem_featureflags.dylib
0x00007ff802b1d000 	/usr/lib/system/libsystem_info.dylib
0x00007ff80dc1c000 	/usr/lib/system/libsystem_m.dylib
0x00007ff80291b000 	/usr/lib/system/libsystem_malloc.dylib
0x00007ff80796d000 	/usr/lib/system/libsystem_networkextension.dylib
0x00007ff805499000 	/usr/lib/system/libsystem_notify.dylib
0x00007ff81401b000 	/usr/lib/system/libsystem_product_info_filter.dylib
0x00007ff80c635000 	/usr/lib/system/libsystem_sandbox.dylib
0x00007ff80dcdc000 	/usr/lib/system/libsystem_secinit.dylib
0x00007ff802ac3000 	/usr/lib/system/libsystem_kernel.dylib
0x00007ff802b13000 	/usr/lib/system/libsystem_platform.dylib
0x00007ff802afb000 	/usr/lib/system/libsystem_pthread.dylib
0x00007ff80928f000 	/usr/lib/system/libsystem_symptoms.dylib
0x00007ff802870000 	/usr/lib/system/libsystem_trace.dylib
0x00007ff80dcb2000 	/usr/lib/system/libunwind.dylib
0x00007ff802834000 	/usr/lib/system/libxpc.dylib
0x00007ff802aad000 	/usr/lib/libc++abi.dylib
0x00007ff80dcbd000 	/usr/lib/liboah.dylib
0x00007ff80e44e000 	/usr/lib/liblzma.5.dylib
0x00007ff80360c000 	/System/Library/Frameworks/SystemConfiguration.framework/Versions/A/SystemConfiguration
0x00007ff80dcf1000 	/usr/lib/libfakelink.dylib
0x00007ff8074dd000 	/System/Library/Frameworks/CFNetwork.framework/Versions/A/CFNetwork
0x00007ff80de32000 	/usr/lib/libarchive.2.dylib
0x00007ff80c63d000 	/System/Library/PrivateFrameworks/AppleSystemInfo.framework/Versions/A/AppleSystemInfo
0x00007ff80d326000 	/usr/lib/libbsm.0.dylib
0x00007ff806aec000 	/usr/lib/libnetwork.dylib
0x00007ff80dc8a000 	/usr/lib/system/libkxld.dylib
0x00007ff80cf59000 	/System/Library/PrivateFrameworks/IOMobileFramebuffer.framework/Versions/A/IOMobileFramebuffer
0x00007ffb1b2b7000 	/usr/lib/libCoreEntitlements.dylib
0x00007ff80d998000 	/System/Library/PrivateFrameworks/AppleFSCompression.framework/Versions/A/AppleFSCompression
0x00007ff80d30e000 	/usr/lib/libcoretls.dylib
0x00007ff80e468000 	/usr/lib/libcoretls_cfhelpers.dylib
0x00007ff80df71000 	/usr/lib/libpam.2.dylib
0x00007ff808eb1000 	/usr/lib/libsqlite3.dylib
0x00007ff80e4d7000 	/usr/lib/libxar.1.dylib
0x00007ff80d9a8000 	/usr/lib/libbz2.1.0.dylib
0x00007ff80dcf6000 	/usr/lib/libpcap.A.dylib
0x00007ff809287000 	/usr/lib/libdns_services.dylib
0x00007ff80df44000 	/usr/lib/libapple_nghttp2.dylib
0x00007ff80dd30000 	/usr/lib/libiconv.2.dylib
0x00007ff80dc83000 	/usr/lib/libcharset.1.dylib
0x00007ff80a6ad000 	/System/Library/Frameworks/CoreServices.framework/Versions/A/Frameworks/FSEvents.framework/Versions/A/FSEvents
0x00007ff80507d000 	/System/Library/Frameworks/CoreServices.framework/Versions/A/Frameworks/CarbonCore.framework/Versions/A/CarbonCore
0x00007ff8094d0000 	/System/Library/Frameworks/CoreServices.framework/Versions/A/Frameworks/Metadata.framework/Versions/A/Metadata
0x00007ff80d9bb000 	/System/Library/Frameworks/CoreServices.framework/Versions/A/Frameworks/OSServices.framework/Versions/A/OSServices
0x00007ff80deb9000 	/System/Library/Frameworks/CoreServices.framework/Versions/A/Frameworks/SearchKit.framework/Versions/A/SearchKit
0x00007ff809219000 	/System/Library/Frameworks/CoreServices.framework/Versions/A/Frameworks/AE.framework/Versions/A/AE
0x00007ff803049000 	/System/Library/Frameworks/CoreServices.framework/Versions/A/Frameworks/LaunchServices.framework/Versions/A/LaunchServices
0x00007ff80e3ff000 	/System/Library/Frameworks/CoreServices.framework/Versions/A/Frameworks/DictionaryServices.framework/Versions/A/DictionaryServices
0x00007ff80a6ba000 	/System/Library/Frameworks/CoreServices.framework/Versions/A/Frameworks/SharedFileList.framework/Versions/A/SharedFileList
0x00007ff80d302000 	/usr/lib/libCheckFix.dylib
0x00007ff8079e9000 	/System/Library/PrivateFrameworks/TCC.framework/Versions/A/TCC
0x00007ff80c643000 	/System/Library/PrivateFrameworks/CoreNLP.framework/Versions/A/CoreNLP
0x00007ff809480000 	/System/Library/PrivateFrameworks/MetadataUtilities.framework/Versions/A/MetadataUtilities
0x00007ff8036bd000 	/usr/lib/libmecabra.dylib
0x00007ff80d336000 	/usr/lib/libmecab.dylib
0x00007ff803688000 	/usr/lib/libCRFSuite.dylib
0x00007ff80d390000 	/usr/lib/libgermantok.dylib
0x00007ff80df1f000 	/usr/lib/libThaiTokenizer.dylib
0x00007ff809573000 	/System/Library/Frameworks/Accelerate.framework/Versions/A/Frameworks/vImage.framework/Versions/A/vImage
0x00007ff81411d000 	/System/Library/Frameworks/Accelerate.framework/Versions/A/Frameworks/vecLib.framework/Versions/A/vecLib
0x00007ff80e518000 	/System/Library/Frameworks/Accelerate.framework/Versions/A/Frameworks/vecLib.framework/Versions/A/libvMisc.dylib
0x00007ff80cd58000 	/System/Library/Frameworks/Accelerate.framework/Versions/A/Frameworks/vecLib.framework/Versions/A/libvDSP.dylib
0x00007ff8033c4000 	/System/Library/Frameworks/Accelerate.framework/Versions/A/Frameworks/vecLib.framework/Versions/A/libBLAS.dylib
0x00007ff80e054000 	/System/Library/Frameworks/Accelerate.framework/Versions/A/Frameworks/vecLib.framework/Versions/A/libLAPACK.dylib
0x00007ff80d393000 	/System/Library/Frameworks/Accelerate.framework/Versions/A/Frameworks/vecLib.framework/Versions/A/libLinearAlgebra.dylib
0x00007ff80df5c000 	/System/Library/Frameworks/Accelerate.framework/Versions/A/Frameworks/vecLib.framework/Versions/A/libSparseBLAS.dylib
0x00007ff80e04e000 	/System/Library/Frameworks/Accelerate.framework/Versions/A/Frameworks/vecLib.framework/Versions/A/libQuadrature.dylib
0x00007ff80c72e000 	/System/Library/Frameworks/Accelerate.framework/Versions/A/Frameworks/vecLib.framework/Versions/A/libBNNS.dylib
0x00007ff803596000 	/System/Library/Frameworks/Accelerate.framework/Versions/A/Frameworks/vecLib.framework/Versions/A/libSparse.dylib
0x00007ff80c727000 	/System/Library/PrivateFrameworks/LinguisticData.framework/Versions/A/LinguisticData
0x00007ff80354c000 	/System/Library/PrivateFrameworks/Lexicon.framework/Versions/A/Lexicon
0x00007ff80e511000 	/usr/lib/libChineseTokenizer.dylib
0x00007ff803cb7000 	/System/Library/PrivateFrameworks/LanguageModeling.framework/Versions/A/LanguageModeling
0x00007ff80df21000 	/System/Library/PrivateFrameworks/AppleSauce.framework/Versions/A/AppleSauce
0x00007ff80cf47000 	/System/Library/PrivateFrameworks/CoreEmoji.framework/Versions/A/CoreEmoji
0x00007ff80de21000 	/usr/lib/libcmph.dylib
0x00007ff80a691000 	/System/Library/Frameworks/OpenDirectory.framework/Versions/A/Frameworks/CFOpenDirectory.framework/Versions/A/CFOpenDirectory
0x00007ff80a685000 	/System/Library/Frameworks/OpenDirectory.framework/Versions/A/OpenDirectory
0x00007ff80e46a000 	/System/Library/PrivateFrameworks/APFS.framework/Versions/A/APFS
0x00007ff80d25d000 	/System/Library/Frameworks/SecurityFoundation.framework/Versions/A/SecurityFoundation
0x00007ff80e4e5000 	/usr/lib/libutil.dylib
0x00007ff8053a7000 	/System/Library/PrivateFrameworks/CoreServicesStore.framework/Versions/A/CoreServicesStore
0x00007ff80e4e9000 	/usr/lib/libxslt.1.dylib
0x00007ff80d2ea000 	/System/Library/PrivateFrameworks/BackgroundTaskManagement.framework/Versions/A/BackgroundTaskManagement
0x00007ff80fa08000 	/System/Library/Frameworks/ImageIO.framework/Versions/A/Resources/libRadiance.dylib
0x00007ff80fa11000 	/System/Library/Frameworks/ImageIO.framework/Versions/A/Resources/libJPEG.dylib
0x00007ff80f963000 	/System/Library/Frameworks/ImageIO.framework/Versions/A/Resources/libPng.dylib
0x00007ff80f984000 	/System/Library/Frameworks/ImageIO.framework/Versions/A/Resources/libTIFF.dylib
0x00007ff80fa70000 	/System/Library/Frameworks/ImageIO.framework/Versions/A/Resources/libGIF.dylib
0x00007ff80f2a0000 	/System/Library/Frameworks/ImageIO.framework/Versions/A/Resources/libJP2.dylib
0x00007ff80e9de000 	/usr/lib/libexpat.1.dylib
0x00007ff80f255000 	/System/Library/PrivateFrameworks/AppleJPEG.framework/Versions/A/AppleJPEG
0x00007ff80bb77000 	/System/Library/PrivateFrameworks/FontServices.framework/libFontParser.dylib
0x00007ff8091c3000 	/System/Library/PrivateFrameworks/RunningBoardServices.framework/Versions/A/RunningBoardServices
0x00007ff81a3d7000 	/System/Library/PrivateFrameworks/IOSurfaceAccelerator.framework/Versions/A/IOSurfaceAccelerator
0x00007ff80f380000 	/System/Library/PrivateFrameworks/WatchdogClient.framework/Versions/A/WatchdogClient
0x00007ff803da5000 	/System/Library/Frameworks/CoreDisplay.framework/Versions/A/CoreDisplay
0x00007ff80ba75000 	/System/Library/Frameworks/CoreMedia.framework/Versions/A/CoreMedia
0x00007ff80b909000 	/System/Library/PrivateFrameworks/IOAccelerator.framework/Versions/A/IOAccelerator
0x00007ff80a80e000 	/System/Library/Frameworks/CoreVideo.framework/Versions/A/CoreVideo
0x00007ff80df6f000 	/System/Library/Frameworks/MetalPerformanceShaders.framework/Versions/A/MetalPerformanceShaders
0x00007ff80f3bd000 	/System/Library/Frameworks/VideoToolbox.framework/Versions/A/VideoToolbox
0x00007ff80910d000 	/System/Library/PrivateFrameworks/BaseBoard.framework/Versions/A/BaseBoard
0x00007ff808e97000 	/System/Library/PrivateFrameworks/ProtocolBuffer.framework/Versions/A/ProtocolBuffer
0x00007ff80fa01000 	/System/Library/PrivateFrameworks/GPUWrangler.framework/Versions/A/GPUWrangler
0x00007ff80f9e5000 	/System/Library/PrivateFrameworks/IOPresentment.framework/Versions/A/IOPresentment
0x00007ff80fa0b000 	/System/Library/PrivateFrameworks/DSExternalDisplay.framework/Versions/A/DSExternalDisplay
0x00007ffa1b8f1000 	/System/Library/Frameworks/OpenGL.framework/Versions/A/Libraries/libCoreFSCache.dylib
0x00007ffb089b8000 	/System/Library/PrivateFrameworks/GPUCompiler.framework/Versions/31001/Libraries/libGPUCompilerUtils.dylib
0x00007ff80fa75000 	/System/Library/PrivateFrameworks/CMCaptureCore.framework/Versions/A/CMCaptureCore
0x00007ff80ef86000 	/System/Library/PrivateFrameworks/AppServerSupport.framework/Versions/A/AppServerSupport
0x00007ff811243000 	/System/Library/PrivateFrameworks/perfdata.framework/Versions/A/perfdata
0x00007ff803ed1000 	/System/Library/PrivateFrameworks/AudioToolboxCore.framework/Versions/A/AudioToolboxCore
0x00007ff80ba53000 	/System/Library/PrivateFrameworks/caulk.framework/Versions/A/caulk
0x00007ff810b55000 	/usr/lib/libAudioStatistics.dylib
0x00007ff9085af000 	/System/Library/PrivateFrameworks/SystemPolicy.framework/Versions/A/SystemPolicy
0x00007ff810db0000 	/usr/lib/libSMC.dylib
0x00007ff819ccf000 	/System/Library/Frameworks/CoreMIDI.framework/Versions/A/CoreMIDI
0x00007ff80f932000 	/usr/lib/libAudioToolboxUtility.dylib
0x00007ff9047db000 	/System/Library/PrivateFrameworks/OSAServicesClient.framework/Versions/A/OSAServicesClient
0x00007ff811250000 	/usr/lib/libperfcheck.dylib
0x00007ff90905c000 	/usr/lib/libmis.dylib
0x00007ffa1b94c000 	/System/Library/Frameworks/OpenGL.framework/Versions/A/Libraries/libGLU.dylib
0x00007ffa1b910000 	/System/Library/Frameworks/OpenGL.framework/Versions/A/Libraries/libGFXShared.dylib
0x00007ffa1bb19000 	/System/Library/Frameworks/OpenGL.framework/Versions/A/Libraries/libGL.dylib
0x00007ffa1b919000 	/System/Library/Frameworks/OpenGL.framework/Versions/A/Libraries/libGLImage.dylib
0x00007ffa1b90d000 	/System/Library/Frameworks/OpenGL.framework/Versions/A/Libraries/libCVMSPluginSupport.dylib
0x00007ffa1b8f8000 	/System/Library/Frameworks/OpenGL.framework/Versions/A/Libraries/libCoreVMClient.dylib
0x00007ff80c5bf000 	/System/Library/Frameworks/MetalPerformanceShaders.framework/Versions/A/Frameworks/MPSCore.framework/Versions/A/MPSCore
0x00007ff80d903000 	/System/Library/Frameworks/MetalPerformanceShaders.framework/Versions/A/Frameworks/MPSImage.framework/Versions/A/MPSImage
0x00007ff80d3a9000 	/System/Library/Frameworks/MetalPerformanceShaders.framework/Versions/A/Frameworks/MPSNeuralNetwork.framework/Versions/A/MPSNeuralNetwork
0x00007ff80d81d000 	/System/Library/Frameworks/MetalPerformanceShaders.framework/Versions/A/Frameworks/MPSMatrix.framework/Versions/A/MPSMatrix
0x00007ff80d5d8000 	/System/Library/Frameworks/MetalPerformanceShaders.framework/Versions/A/Frameworks/MPSRayIntersector.framework/Versions/A/MPSRayIntersector
0x00007ff80d855000 	/System/Library/Frameworks/MetalPerformanceShaders.framework/Versions/A/Frameworks/MPSNDArray.framework/Versions/A/MPSNDArray
0x00007ffa213d1000 	/System/Library/Frameworks/MetalPerformanceShaders.framework/Versions/A/Frameworks/MPSFunctions.framework/Versions/A/MPSFunctions
0x00007ff8032a0000 	/System/Library/PrivateFrameworks/MetalTools.framework/Versions/A/MetalTools
0x00007ff80c63b000 	/System/Library/PrivateFrameworks/AggregateDictionary.framework/Versions/A/AggregateDictionary
0x00007ff80e7c0000 	/usr/lib/libIOReport.dylib
0x00007ffa1cf28000 	/System/Library/Frameworks/OpenCL.framework/Versions/A/OpenCL
0x00007ff80eb24000 	/System/Library/PrivateFrameworks/FaceCore.framework/Versions/A/FaceCore
0x00007ff80eb15000 	/System/Library/PrivateFrameworks/GraphVisualizer.framework/Versions/A/GraphVisualizer
0x00007ffb088c3000 	/System/Library/PrivateFrameworks/FontServices.framework/Versions/A/FontServices
0x00007ff80ef3e000 	/System/Library/PrivateFrameworks/OTSVG.framework/Versions/A/OTSVG
0x00007ff80a3f5000 	/System/Library/Frameworks/ApplicationServices.framework/Versions/A/Frameworks/ATS.framework/Versions/A/Resources/libFontRegistry.dylib
0x00007ff80ef8e000 	/System/Library/PrivateFrameworks/FontServices.framework/libhvf.dylib
0x00007ffb088c4000 	/System/Library/PrivateFrameworks/FontServices.framework/libXTFontStaticRegistryData.dylib
0x00007ff80e98e000 	/System/Library/PrivateFrameworks/AppleVA.framework/Versions/A/AppleVA
0x00007ff810b75000 	/System/Library/Frameworks/ApplicationServices.framework/Versions/A/Frameworks/ATS.framework/Versions/A/ATS
0x00007ff8085c9000 	/System/Library/Frameworks/ApplicationServices.framework/Versions/A/Frameworks/HIServices.framework/Versions/A/HIServices
0x00007ff80fa7f000 	/System/Library/Frameworks/ApplicationServices.framework/Versions/A/Frameworks/PrintCore.framework/Versions/A/PrintCore
0x00007ff810f03000 	/System/Library/Frameworks/ApplicationServices.framework/Versions/A/Frameworks/QD.framework/Versions/A/QD
0x00007ff810efb000 	/System/Library/Frameworks/ApplicationServices.framework/Versions/A/Frameworks/ColorSyncLegacy.framework/Versions/A/ColorSyncLegacy
0x00007ff810b65000 	/System/Library/Frameworks/ApplicationServices.framework/Versions/A/Frameworks/SpeechSynthesis.framework/Versions/A/SpeechSynthesis
0x00007ff80fa40000 	/System/Library/Frameworks/ApplicationServices.framework/Versions/A/Frameworks/ATSUI.framework/Versions/A/ATSUI
0x00007ff810e90000 	/usr/lib/libcups.2.dylib
0x00007ff81125f000 	/System/Library/Frameworks/Kerberos.framework/Versions/A/Kerberos
0x00007ff81126e000 	/System/Library/Frameworks/GSS.framework/Versions/A/GSS
0x00007ff810be1000 	/usr/lib/libresolv.9.dylib
0x00007ff80ef9d000 	/System/Library/PrivateFrameworks/Heimdal.framework/Versions/A/Heimdal
0x00007ff817e52000 	/System/Library/Frameworks/Kerberos.framework/Versions/A/Libraries/libHeimdalProxy.dylib
0x00007ff809297000 	/System/Library/Frameworks/Network.framework/Versions/A/Network
0x00007ff80e9f8000 	/usr/lib/libheimdal-asn1.dylib
0x00007ff8112b9000 	/System/Library/PrivateFrameworks/CommonAuth.framework/Versions/A/CommonAuth
0x00007ff810ae7000 	/System/Library/PrivateFrameworks/AudioSession.framework/Versions/A/AudioSession
0x00007ff80ea88000 	/System/Library/PrivateFrameworks/MediaExperience.framework/Versions/A/MediaExperience
0x00007ff810979000 	/System/Library/PrivateFrameworks/AudioSession.framework/libSessionUtility.dylib
0x00007ff810f0f000 	/System/Library/PrivateFrameworks/AudioResourceArbitration.framework/Versions/A/AudioResourceArbitration
0x00007ff814f90000 	/System/Library/PrivateFrameworks/PowerLog.framework/Versions/A/PowerLog
0x00007ff80ea01000 	/System/Library/PrivateFrameworks/IconFoundation.framework/Versions/A/IconFoundation
0x00007ff813d46000 	/System/Library/PrivateFrameworks/SpeechRecognitionCore.framework/Versions/A/SpeechRecognitionCore
0x000000010a235000 	/Library/Java/JavaVirtualMachines/jdk1.8.0_212.jdk/Contents/Home/jre/lib/server/libjvm.dylib
0x00007ffb1bd43000 	/usr/lib/libstdc++.6.dylib
0x00000001092c9000 	/Library/Java/JavaVirtualMachines/jdk1.8.0_212.jdk/Contents/Home/jre/lib/libverify.dylib
0x000000010931e000 	/Library/Java/JavaVirtualMachines/jdk1.8.0_212.jdk/Contents/Home/jre/lib/libjava.dylib
0x0000000109393000 	/Library/Java/JavaVirtualMachines/jdk1.8.0_212.jdk/Contents/Home/jre/lib/libinstrument.dylib
0x00000001092f9000 	/Library/Java/JavaVirtualMachines/jdk1.8.0_212.jdk/Contents/Home/jre/lib/libzip.dylib
0x000000012fab6000 	/Library/Java/JavaVirtualMachines/jdk1.8.0_212.jdk/Contents/Home/jre/lib/libnet.dylib
0x000000012faf2000 	/Library/Java/JavaVirtualMachines/jdk1.8.0_212.jdk/Contents/Home/jre/lib/libprism_es2.dylib
0x00007ff805369000 	/System/Library/PrivateFrameworks/CoreServicesInternal.framework/Versions/A/CoreServicesInternal
0x00007ffa1bb24000 	/System/Library/Frameworks/OpenGL.framework/Versions/A/Resources/GLEngine.bundle/GLEngine
0x00007ffa1b98a000 	/System/Library/Frameworks/OpenGL.framework/Versions/A/Libraries/libGLProgrammability.dylib
0x00000001305b3000 	/System/Library/Extensions/AppleMetalOpenGLRenderer.bundle/Contents/MacOS/AppleMetalOpenGLRenderer
0x00007ffa1bcae000 	/System/Library/Frameworks/OpenGL.framework/Versions/A/Resources/GLRendererFloat.bundle/GLRendererFloat
0x00007ffa124f4000 	/System/Library/Extensions/AGXMetalG13X.bundle/Contents/MacOS/AGXMetalG13X
0x00007ff909077000 	/System/Library/PrivateFrameworks/GPURawCounter.framework/Versions/A/GPURawCounter
0x00007ff903983000 	/System/Library/PrivateFrameworks/IOGPU.framework/Versions/A/IOGPU
0x0000000130906000 	/Library/Java/JavaVirtualMachines/jdk1.8.0_212.jdk/Contents/Home/jre/lib/libglass.dylib
0x00007ff815581000 	/System/Library/Frameworks/FileProvider.framework/Versions/A/FileProvider
0x00007ff80907a000 	/System/Library/Frameworks/Accounts.framework/Versions/A/Accounts
0x00007ff8156fa000 	/System/Library/PrivateFrameworks/GenerationalStorage.framework/Versions/A/GenerationalStorage
0x00007ff81620a000 	/System/Library/PrivateFrameworks/CoreSymbolication.framework/Versions/A/CoreSymbolication
0x00007ff814f85000 	/System/Library/PrivateFrameworks/SymptomDiagnosticReporter.framework/Versions/A/SymptomDiagnosticReporter
0x00007ff80662a000 	/System/Library/PrivateFrameworks/DesktopServicesPriv.framework/Versions/A/DesktopServicesPriv
0x00007ff8054a8000 	/usr/lib/libsandbox.1.dylib
0x00007ff80a88d000 	/System/Library/PrivateFrameworks/UserManagement.framework/Versions/A/UserManagement
0x00007ff8161cf000 	/System/Library/PrivateFrameworks/DebugSymbols.framework/Versions/A/DebugSymbols
0x00007ff810ef0000 	/System/Library/PrivateFrameworks/NetAuth.framework/Versions/A/NetAuth
0x00007ff811dff000 	/System/Library/PrivateFrameworks/Sharing.framework/Versions/A/Sharing
0x00007ff80a860000 	/System/Library/PrivateFrameworks/login.framework/Versions/A/Frameworks/loginsupport.framework/Versions/A/loginsupport
0x00007ff81736d000 	/System/Library/PrivateFrameworks/Apple80211.framework/Versions/A/Apple80211
0x00007ff80d9e8000 	/System/Library/PrivateFrameworks/AuthKit.framework/Versions/A/AuthKit
0x00007ff80d03d000 	/System/Library/PrivateFrameworks/CoreUtils.framework/Versions/A/CoreUtils
0x00007ff80cf64000 	/System/Library/Frameworks/CoreWLAN.framework/Versions/A/CoreWLAN
0x00007ff811f5e000 	/System/Library/Frameworks/IOBluetooth.framework/Versions/A/IOBluetooth
0x00007ff8173d5000 	/System/Library/PrivateFrameworks/CoreWiFi.framework/Versions/A/CoreWiFi
0x00007ff815da4000 	/System/Library/PrivateFrameworks/FrontBoardServices.framework/Versions/A/FrontBoardServices
0x00007ff815e35000 	/System/Library/PrivateFrameworks/BoardServices.framework/Versions/A/BoardServices
0x00007ff80d24c000 	/System/Library/PrivateFrameworks/AssertionServices.framework/Versions/A/AssertionServices
0x00007ff817558000 	/System/Library/PrivateFrameworks/BackBoardServices.framework/Versions/A/BackBoardServices
0x00007ff81134a000 	/System/Library/PrivateFrameworks/CorePhoneNumbers.framework/Versions/A/CorePhoneNumbers
0x00007ff810c0e000 	/System/Library/PrivateFrameworks/MultiverseSupport.framework/Versions/A/MultiverseSupport
0x00007ff8177cb000 	/System/Library/PrivateFrameworks/RemoteServiceDiscovery.framework/Versions/A/RemoteServiceDiscovery
0x00007ff8150a2000 	/System/Library/PrivateFrameworks/DiskManagement.framework/Versions/A/DiskManagement
0x00007ff814fb6000 	/System/Library/PrivateFrameworks/AppleIDAuthSupport.framework/Versions/A/AppleIDAuthSupport
0x00007ffb0323e000 	/System/Library/PrivateFrameworks/AAAFoundation.framework/Versions/A/AAAFoundation
0x00007ff81132b000 	/System/Library/PrivateFrameworks/KeychainCircle.framework/Versions/A/KeychainCircle
0x00007ff8177db000 	/System/Library/PrivateFrameworks/RemoteXPC.framework/Versions/A/RemoteXPC
0x00007ff81506e000 	/System/Library/PrivateFrameworks/MediaKit.framework/Versions/A/MediaKit
0x00007ff814fc2000 	/System/Library/Frameworks/DiscRecording.framework/Versions/A/DiscRecording
0x00007ff80e906000 	/usr/lib/libCoreStorage.dylib
0x00007ff817846000 	/usr/lib/libcsfde.dylib
0x00007ff81202b000 	/System/Library/PrivateFrameworks/ProtectedCloudStorage.framework/Versions/A/ProtectedCloudStorage
0x00007ff817842000 	/System/Library/PrivateFrameworks/EFILogin.framework/Versions/A/EFILogin
0x00007ff815720000 	/System/Library/PrivateFrameworks/OctagonTrust.framework/Versions/A/OctagonTrust
0x00007ffb07b26000 	/System/Library/PrivateFrameworks/CoreUtilsExtras.framework/Versions/A/CoreUtilsExtras
0x00007ff814ee9000 	/System/Library/Frameworks/CoreBluetooth.framework/Versions/A/CoreBluetooth
0x00007ff817ed7000 	/System/Library/Frameworks/AudioUnit.framework/Versions/A/AudioUnit
0x00007ff80e8fe000 	/usr/lib/libMatch.1.dylib
0x00007ff90d680000 	/System/Library/Frameworks/Accelerate.framework/Versions/A/Frameworks/vImage.framework/Versions/A/Libraries/libCGInterfaces.dylib
0x0000000132298000 	/usr/lib/libobjc-trampolines.dylib
0x00007ff81a3df000 	/System/Library/PrivateFrameworks/FamilyControls.framework/Versions/A/FamilyControls
0x00007ff81a403000 	/System/Library/PrivateFrameworks/CommerceKit.framework/Versions/A/Frameworks/CommerceCore.framework/Versions/A/CommerceCore
0x00007ff814462000 	/System/Library/PrivateFrameworks/SystemAdministration.framework/Versions/A/SystemAdministration
0x00007ff812012000 	/System/Library/PrivateFrameworks/AppContainer.framework/Versions/A/AppContainer
0x00007ff812027000 	/System/Library/PrivateFrameworks/SecCodeWrapper.framework/Versions/A/SecCodeWrapper
0x00007ff80e7c9000 	/System/Library/PrivateFrameworks/CrashReporterSupport.framework/Versions/A/CrashReporterSupport
0x00007ff915097000 	/System/Library/PrivateFrameworks/OSAnalytics.framework/Versions/A/OSAnalytics
0x00007ff920249000 	/System/Library/PrivateFrameworks/Symbolication.framework/Versions/A/Symbolication
0x00007ff909039000 	/System/Library/PrivateFrameworks/MallocStackLogging.framework/Versions/A/MallocStackLogging
0x00007ff80f054000 	/System/Library/PrivateFrameworks/login.framework/Versions/A/login
0x00007ff80fca9000 	/System/Library/Frameworks/MediaToolbox.framework/Versions/A/MediaToolbox
0x00007ff813d12000 	/System/Library/Frameworks/DirectoryService.framework/Versions/A/DirectoryService
0x00007ff8176e4000 	/System/Library/PrivateFrameworks/DiskImages.framework/Versions/A/DiskImages
0x00007ff80d2f4000 	/System/Library/Frameworks/ServiceManagement.framework/Versions/A/ServiceManagement
0x00007ff8178c0000 	/System/Library/PrivateFrameworks/LoginUIKit.framework/Versions/A/Frameworks/LoginUICore.framework/Versions/A/LoginUICore
0x00007ff80f1fd000 	/usr/lib/libodfde.dylib
0x00007ff815551000 	/System/Library/PrivateFrameworks/CoreAVCHD.framework/Versions/A/CoreAVCHD
0x00007ff814426000 	/System/Library/Frameworks/MediaAccessibility.framework/Versions/A/MediaAccessibility
0x00007ff81554d000 	/System/Library/PrivateFrameworks/Mangrove.framework/Versions/A/Mangrove
0x00007ff814431000 	/System/Library/PrivateFrameworks/AlgosScoreFramework.framework/Versions/A/AlgosScoreFramework
0x00007ffb04e1a000 	/System/Library/PrivateFrameworks/CMPhoto.framework/Versions/A/CMPhoto
0x00007ff8160a5000 	/System/Library/PrivateFrameworks/AppleVPA.framework/Versions/A/AppleVPA
0x00007ff815192000 	/System/Library/PrivateFrameworks/CoreAUC.framework/Versions/A/CoreAUC
0x00007ff817852000 	/usr/lib/libcurl.4.dylib
0x00007ffb1b812000 	/usr/lib/libcrypto.46.dylib
0x00007ffb1bd07000 	/usr/lib/libssl.48.dylib
0x00007ff817576000 	/System/Library/Frameworks/LDAP.framework/Versions/A/LDAP
0x00007ff8175ae000 	/System/Library/PrivateFrameworks/TrustEvaluationAgent.framework/Versions/A/TrustEvaluationAgent
0x00007ff810bfa000 	/usr/lib/libsasl2.2.dylib
0x00007ff814456000 	/System/Library/PrivateFrameworks/CoreDaemon.framework/Versions/B/CoreDaemon
0x00007ff814451000 	/System/Library/PrivateFrameworks/AppleSRP.framework/Versions/A/AppleSRP
0x00007ff80a585000 	/System/Library/PrivateFrameworks/ViewBridge.framework/Versions/A/ViewBridge
0x0000000133a31000 	/Library/Java/JavaVirtualMachines/jdk1.8.0_212.jdk/Contents/Home/jre/lib/libjavafx_font.dylib
0x00007ffb03900000 	/System/Library/PrivateFrameworks/AccessibilityBundles.framework/Versions/A/AccessibilityBundles
0x00007ffb1b3a6000 	/usr/lib/libRosetta.dylib

VM Arguments:
jvm_args: -javaagent:/Applications/IntelliJ IDEA.app/Contents/lib/idea_rt.jar=60056:/Applications/IntelliJ IDEA.app/Contents/bin -Dfile.encoding=UTF-8 
java_command: training.chessington.Main
java_class_path (initial): /Library/Java/JavaVirtualMachines/jdk1.8.0_212.jdk/Contents/Home/jre/lib/charsets.jar:/Library/Java/JavaVirtualMachines/jdk1.8.0_212.jdk/Contents/Home/jre/lib/deploy.jar:/Library/Java/JavaVirtualMachines/jdk1.8.0_212.jdk/Contents/Home/jre/lib/ext/cldrdata.jar:/Library/Java/JavaVirtualMachines/jdk1.8.0_212.jdk/Contents/Home/jre/lib/ext/dnsns.jar:/Library/Java/JavaVirtualMachines/jdk1.8.0_212.jdk/Contents/Home/jre/lib/ext/jaccess.jar:/Library/Java/JavaVirtualMachines/jdk1.8.0_212.jdk/Contents/Home/jre/lib/ext/jfxrt.jar:/Library/Java/JavaVirtualMachines/jdk1.8.0_212.jdk/Contents/Home/jre/lib/ext/localedata.jar:/Library/Java/JavaVirtualMachines/jdk1.8.0_212.jdk/Contents/Home/jre/lib/ext/nashorn.jar:/Library/Java/JavaVirtualMachines/jdk1.8.0_212.jdk/Contents/Home/jre/lib/ext/sunec.jar:/Library/Java/JavaVirtualMachines/jdk1.8.0_212.jdk/Contents/Home/jre/lib/ext/sunjce_provider.jar:/Library/Java/JavaVirtualMachines/jdk1.8.0_212.jdk/Contents/Home/jre/lib/ext/sunpkcs11.jar:/Library/Java/JavaVirtualMachines/jdk1.8.0_212.jdk/Contents/Home/jre/lib/ext/zipfs.jar:/Library/Java/JavaVirtualMachines/jdk1.8.0_212.jdk/Contents/Home/jre/lib/javaws.jar:/Library/Java/JavaVirtualMachines/jdk1.8.0_212.jdk/Contents/Home/jre/lib/jce.jar:/Library/Java/JavaVirtualMachines/jdk1.8.0_212.jdk/Contents/Home/jre/lib/jfr.jar:/Library/Java/JavaVirtualMachines/jdk1.8.0_212.jdk/Contents/Home/jre/lib/jfxswt.jar:/Library/Java/JavaVirtualMachines/jdk1.8.0_212.jdk/Contents/Home/jre/lib/jsse.jar:/Library/Java/JavaVirtualMachines/jdk1.8.0_212.jdk/Contents/Home/jre/lib/management-agent.jar:/Library/Java/JavaVirtualMachines/jdk1.8.0_212.jdk/Contents/Home/jre/lib/plugin.jar:/Library/Java/JavaVirtualMachines/jdk1.8.0_212.jdk/Contents/Home/jre/lib/resources.jar:/Library/Java/JavaVirtualMachines/jdk1.8.0_212.jdk/Contents/Home/jre/lib/rt.jar:/Users/gparle/IdeaProjects/Chessington/chessington2/Chessington-Java/target/classes:/Applications/IntelliJ IDEA.app/Contents/lib/idea_rt.jar
Launcher Type: SUN_STANDARD

Environment Variables:
PATH=/opt/homebrew/sbin:/opt/homebrew/bin:/usr/local/bin:/usr/bin:/bin:/usr/sbin:/sbin
SHELL=/bin/zsh

Signal Handlers:
SIGSEGV: [libjvm.dylib+0x5b71a7], sa_mask[0]=11111111111111111111111111111111, sa_flags=SA_ONSTACK|SA_RESTART|SA_SIGINFO
SIGBUS: [libjvm.dylib+0x5b71a7], sa_mask[0]=11111111111111111111111111111111, sa_flags=SA_RESTART|SA_SIGINFO
SIGFPE: [libjvm.dylib+0x48c8fc], sa_mask[0]=11111111111111111111111111111111, sa_flags=SA_RESTART|SA_SIGINFO
SIGPIPE: [libjvm.dylib+0x48c8fc], sa_mask[0]=11111111111111111111111111111111, sa_flags=SA_RESTART|SA_SIGINFO
SIGXFSZ: [libjvm.dylib+0x48c8fc], sa_mask[0]=11111111111111111111111111111111, sa_flags=SA_RESTART|SA_SIGINFO
SIGILL: [libjvm.dylib+0x48c8fc], sa_mask[0]=11111111111111111111111111111111, sa_flags=SA_RESTART|SA_SIGINFO
SIGUSR1: SIG_DFL, sa_mask[0]=00000000000000000000000000000000, sa_flags=none
SIGUSR2: [libjvm.dylib+0x48c41a], sa_mask[0]=00100000000000000000000000000000, sa_flags=SA_RESTART|SA_SIGINFO
SIGHUP: [libjvm.dylib+0x48a9a5], sa_mask[0]=11111111111111111111111111111111, sa_flags=SA_RESTART|SA_SIGINFO
SIGINT: [libjvm.dylib+0x48a9a5], sa_mask[0]=11111111111111111111111111111111, sa_flags=SA_RESTART|SA_SIGINFO
SIGTERM: [libjvm.dylib+0x48a9a5], sa_mask[0]=11111111111111111111111111111111, sa_flags=SA_RESTART|SA_SIGINFO
SIGQUIT: [libjvm.dylib+0x48a9a5], sa_mask[0]=11111111111111111111111111111111, sa_flags=SA_RESTART|SA_SIGINFO


---------------  S Y S T E M  ---------------

OS:Bsduname:Darwin 21.6.0 Darwin Kernel Version 21.6.0: Wed Aug 10 14:28:23 PDT 2022; root:xnu-8020.141.5~2/RELEASE_ARM64_T6000 x86_64
rlimit: STACK 8176k, CORE 0k, NPROC 5333, NOFILE 10240, AS infinity
load average:9.34 7.13 6.47

CPU:total 10 (initial active 10) (1 cores per cpu, 1 threads per core) family 6 model 44 stepping 0, cmov, cx8, fxsr, mmx, sse, sse2, sse3, ssse3, sse4.1, sse4.2, popcnt, aes, clmul, tsc, tscinvbit, tscinv

Memory: 4k page, physical 33554432k(52768k free)

/proc/meminfo:


vm_info: Java HotSpot(TM) 64-Bit Server VM (25.212-b10) for bsd-amd64 JRE (1.8.0_212-b10), built on Apr  1 2019 23:10:56 by "java_re" with gcc 4.2.1 (Based on Apple Inc. build 5658) (LLVM build 2336.11.00)

time: Mon Sep 26 14:06:38 2022
timezone: BST
elapsed time: 9 seconds (0d 0h 0m 9s)

